{"C:\\Users\\engqu\\Desktop\\projects\\Personal\\reservations-client\\components\\reservation\\Card.tsx": {"path":"C:\\Users\\engqu\\Desktop\\projects\\Personal\\reservations-client\\components\\reservation\\Card.tsx","statementMap":{"0":{"start":{"line":1,"column":0},"end":{"line":1,"column":null}},"1":{"start":{"line":3,"column":0},"end":{"line":3,"column":null}},"2":{"start":{"line":4,"column":0},"end":{"line":4,"column":null}},"3":{"start":{"line":5,"column":0},"end":{"line":5,"column":null}},"4":{"start":{"line":6,"column":0},"end":{"line":6,"column":null}},"5":{"start":{"line":7,"column":0},"end":{"line":7,"column":null}},"6":{"start":{"line":8,"column":0},"end":{"line":8,"column":null}},"7":{"start":{"line":14,"column":45},"end":{"line":34,"column":null}},"8":{"start":{"line":15,"column":36},"end":{"line":15,"column":null}},"9":{"start":{"line":17,"column":2},"end":{"line":17,"column":null}},"10":{"start":{"line":19,"column":29},"end":{"line":19,"column":42}},"11":{"start":{"line":28,"column":30},"end":{"line":28,"column":43}},"12":{"start":{"line":36,"column":0},"end":{"line":36,"column":15}},"13":{"start":{"line":38,"column":20},"end":{"line":38,"column":6}},"14":{"start":{"line":45,"column":18},"end":{"line":45,"column":6}}},"fnMap":{"0":{"name":"(anonymous_2)","decl":{"start":{"line":14,"column":45},"end":{"line":14,"column":46}},"loc":{"start":{"line":14,"column":65},"end":{"line":34,"column":null}}},"1":{"name":"(anonymous_3)","decl":{"start":{"line":19,"column":23},"end":{"line":19,"column":29}},"loc":{"start":{"line":19,"column":29},"end":{"line":19,"column":42}}},"2":{"name":"(anonymous_4)","decl":{"start":{"line":28,"column":24},"end":{"line":28,"column":30}},"loc":{"start":{"line":28,"column":30},"end":{"line":28,"column":43}}}},"branchMap":{"0":{"loc":{"start":{"line":27,"column":7},"end":{"line":27,"column":16}},"type":"binary-expr","locations":[{"start":{"line":27,"column":7},"end":{"line":27,"column":16}},{"start":{"line":28,"column":8},"end":{"line":28,"column":9}}]}},"s":{"0":2,"1":2,"2":2,"3":2,"4":2,"5":2,"6":2,"7":2,"8":11,"9":11,"10":1,"11":0,"12":2,"13":2,"14":2},"f":{"0":11,"1":1,"2":0},"b":{"0":[11,1]}}
,"C:\\Users\\engqu\\Desktop\\projects\\Personal\\reservations-client\\components\\reservation\\Detail.tsx": {"path":"C:\\Users\\engqu\\Desktop\\projects\\Personal\\reservations-client\\components\\reservation\\Detail.tsx","statementMap":{"0":{"start":{"line":1,"column":0},"end":{"line":1,"column":null}},"1":{"start":{"line":2,"column":0},"end":{"line":2,"column":null}},"2":{"start":{"line":3,"column":0},"end":{"line":3,"column":null}},"3":{"start":{"line":4,"column":0},"end":{"line":4,"column":null}},"4":{"start":{"line":6,"column":0},"end":{"line":6,"column":null}},"5":{"start":{"line":16,"column":47},"end":{"line":51,"column":null}},"6":{"start":{"line":17,"column":2},"end":{"line":17,"column":null}},"7":{"start":{"line":20,"column":8},"end":{"line":20,"column":47}},"8":{"start":{"line":20,"column":40},"end":{"line":20,"column":47}},"9":{"start":{"line":27,"column":12},"end":{"line":27,"column":null}},"10":{"start":{"line":29,"column":8},"end":{"line":29,"column":null}},"11":{"start":{"line":53,"column":0},"end":{"line":53,"column":15}},"12":{"start":{"line":55,"column":18},"end":{"line":55,"column":6}},"13":{"start":{"line":57,"column":27},"end":{"line":57,"column":50}},"14":{"start":{"line":60,"column":22},"end":{"line":60,"column":47}},"15":{"start":{"line":63,"column":27},"end":{"line":63,"column":74}},"16":{"start":{"line":72,"column":24},"end":{"line":72,"column":49}}},"fnMap":{"0":{"name":"(anonymous_2)","decl":{"start":{"line":16,"column":47},"end":{"line":16,"column":48}},"loc":{"start":{"line":16,"column":58},"end":{"line":51,"column":null}}},"1":{"name":"(anonymous_3)","decl":{"start":{"line":19,"column":7},"end":{"line":19,"column":8}},"loc":{"start":{"line":19,"column":20},"end":{"line":48,"column":null}}},"2":{"name":"(anonymous_4)","decl":{"start":{"line":57,"column":18},"end":{"line":57,"column":23}},"loc":{"start":{"line":57,"column":27},"end":{"line":57,"column":50}}},"3":{"name":"(anonymous_5)","decl":{"start":{"line":60,"column":13},"end":{"line":60,"column":18}},"loc":{"start":{"line":60,"column":22},"end":{"line":60,"column":47}}},"4":{"name":"(anonymous_6)","decl":{"start":{"line":63,"column":18},"end":{"line":63,"column":23}},"loc":{"start":{"line":63,"column":27},"end":{"line":63,"column":74}}},"5":{"name":"(anonymous_7)","decl":{"start":{"line":72,"column":15},"end":{"line":72,"column":20}},"loc":{"start":{"line":72,"column":24},"end":{"line":72,"column":49}}}},"branchMap":{"0":{"loc":{"start":{"line":20,"column":8},"end":{"line":20,"column":47}},"type":"if","locations":[{"start":{"line":20,"column":8},"end":{"line":20,"column":47}},{"start":{"line":20,"column":8},"end":{"line":20,"column":47}}]},"1":{"loc":{"start":{"line":20,"column":12},"end":{"line":20,"column":21}},"type":"binary-expr","locations":[{"start":{"line":20,"column":12},"end":{"line":20,"column":21}},{"start":{"line":20,"column":21},"end":{"line":20,"column":40}}]},"2":{"loc":{"start":{"line":63,"column":27},"end":{"line":63,"column":50}},"type":"binary-expr","locations":[{"start":{"line":63,"column":27},"end":{"line":63,"column":50}},{"start":{"line":63,"column":50},"end":{"line":63,"column":74}}]}},"s":{"0":3,"1":3,"2":3,"3":3,"4":3,"5":3,"6":1,"7":3,"8":3,"9":0,"10":0,"11":3,"12":3,"13":0,"14":0,"15":0,"16":0},"f":{"0":1,"1":3,"2":0,"3":0,"4":0,"5":0},"b":{"0":[3,0],"1":[3,1],"2":[0,0]}}
,"C:\\Users\\engqu\\Desktop\\projects\\Personal\\reservations-client\\components\\reservation\\Fields.tsx": {"path":"C:\\Users\\engqu\\Desktop\\projects\\Personal\\reservations-client\\components\\reservation\\Fields.tsx","statementMap":{"0":{"start":{"line":1,"column":0},"end":{"line":1,"column":null}},"1":{"start":{"line":2,"column":0},"end":{"line":2,"column":null}},"2":{"start":{"line":3,"column":0},"end":{"line":3,"column":null}},"3":{"start":{"line":4,"column":0},"end":{"line":4,"column":null}},"4":{"start":{"line":19,"column":47},"end":{"line":54,"column":null}},"5":{"start":{"line":20,"column":58},"end":{"line":20,"column":null}},"6":{"start":{"line":22,"column":2},"end":{"line":22,"column":null}},"7":{"start":{"line":28,"column":37},"end":{"line":28,"column":45}},"8":{"start":{"line":34,"column":37},"end":{"line":34,"column":45}},"9":{"start":{"line":41,"column":39},"end":{"line":41,"column":47}},"10":{"start":{"line":48,"column":39},"end":{"line":48,"column":47}},"11":{"start":{"line":56,"column":0},"end":{"line":56,"column":15}},"12":{"start":{"line":58,"column":22},"end":{"line":58,"column":6}}},"fnMap":{"0":{"name":"(anonymous_2)","decl":{"start":{"line":19,"column":47},"end":{"line":19,"column":48}},"loc":{"start":{"line":19,"column":71},"end":{"line":54,"column":null}}},"1":{"name":"(anonymous_3)","decl":{"start":{"line":28,"column":19},"end":{"line":28,"column":37}},"loc":{"start":{"line":28,"column":37},"end":{"line":28,"column":45}}},"2":{"name":"(anonymous_4)","decl":{"start":{"line":34,"column":19},"end":{"line":34,"column":37}},"loc":{"start":{"line":34,"column":37},"end":{"line":34,"column":45}}},"3":{"name":"(anonymous_5)","decl":{"start":{"line":41,"column":23},"end":{"line":41,"column":39}},"loc":{"start":{"line":41,"column":39},"end":{"line":41,"column":47}}},"4":{"name":"(anonymous_6)","decl":{"start":{"line":48,"column":23},"end":{"line":48,"column":39}},"loc":{"start":{"line":48,"column":39},"end":{"line":48,"column":47}}}},"branchMap":{},"s":{"0":1,"1":1,"2":1,"3":1,"4":1,"5":2,"6":2,"7":0,"8":0,"9":0,"10":0,"11":1,"12":1},"f":{"0":2,"1":0,"2":0,"3":0,"4":0},"b":{}}
,"C:\\Users\\engqu\\Desktop\\projects\\Personal\\reservations-client\\components\\reservation\\List.tsx": {"path":"C:\\Users\\engqu\\Desktop\\projects\\Personal\\reservations-client\\components\\reservation\\List.tsx","statementMap":{"0":{"start":{"line":1,"column":0},"end":{"line":1,"column":null}},"1":{"start":{"line":2,"column":0},"end":{"line":2,"column":null}},"2":{"start":{"line":4,"column":0},"end":{"line":4,"column":null}},"3":{"start":{"line":10,"column":45},"end":{"line":16,"column":null}},"4":{"start":{"line":11,"column":29},"end":{"line":13,"column":null}},"5":{"start":{"line":12,"column":4},"end":{"line":12,"column":11}},"6":{"start":{"line":15,"column":2},"end":{"line":15,"column":9}},"7":{"start":{"line":18,"column":0},"end":{"line":18,"column":15}},"8":{"start":{"line":20,"column":23},"end":{"line":20,"column":6}},"9":{"start":{"line":21,"column":25},"end":{"line":21,"column":72}}},"fnMap":{"0":{"name":"(anonymous_2)","decl":{"start":{"line":10,"column":45},"end":{"line":10,"column":46}},"loc":{"start":{"line":10,"column":66},"end":{"line":16,"column":null}}},"1":{"name":"(anonymous_3)","decl":{"start":{"line":11,"column":29},"end":{"line":11,"column":57}},"loc":{"start":{"line":11,"column":57},"end":{"line":13,"column":null}}},"2":{"name":"(anonymous_4)","decl":{"start":{"line":21,"column":16},"end":{"line":21,"column":21}},"loc":{"start":{"line":21,"column":25},"end":{"line":21,"column":72}}}},"branchMap":{"0":{"loc":{"start":{"line":21,"column":25},"end":{"line":21,"column":48}},"type":"binary-expr","locations":[{"start":{"line":21,"column":25},"end":{"line":21,"column":48}},{"start":{"line":21,"column":48},"end":{"line":21,"column":72}}]}},"s":{"0":1,"1":1,"2":1,"3":1,"4":2,"5":8,"6":2,"7":1,"8":1,"9":1},"f":{"0":2,"1":8,"2":1},"b":{"0":[1,0]}}
,"C:\\Users\\engqu\\Desktop\\projects\\Personal\\reservations-client\\components\\reservation\\query.ts": {"path":"C:\\Users\\engqu\\Desktop\\projects\\Personal\\reservations-client\\components\\reservation\\query.ts","statementMap":{"0":{"start":{"line":1,"column":0},"end":{"line":1,"column":null}},"1":{"start":{"line":3,"column":13},"end":{"line":3,"column":34}},"2":{"start":{"line":15,"column":13},"end":{"line":15,"column":33}}},"fnMap":{},"branchMap":{},"s":{"0":3,"1":3,"2":3},"f":{},"b":{}}
,"C:\\Users\\engqu\\Desktop\\projects\\Personal\\reservations-client\\components\\styles\\animation.ts": {"path":"C:\\Users\\engqu\\Desktop\\projects\\Personal\\reservations-client\\components\\styles\\animation.ts","statementMap":{"0":{"start":{"line":1,"column":0},"end":{"line":1,"column":null}},"1":{"start":{"line":3,"column":13},"end":{"line":3,"column":22}}},"fnMap":{},"branchMap":{},"s":{"0":2,"1":2},"f":{},"b":{}}
,"C:\\Users\\engqu\\Desktop\\projects\\Personal\\reservations-client\\components\\styles\\helpers.ts": {"path":"C:\\Users\\engqu\\Desktop\\projects\\Personal\\reservations-client\\components\\styles\\helpers.ts","statementMap":{"0":{"start":{"line":1,"column":0},"end":{"line":1,"column":null}},"1":{"start":{"line":3,"column":13},"end":{"line":3,"column":26}},"2":{"start":{"line":8,"column":39},"end":{"line":8,"column":75}},"3":{"start":{"line":12,"column":13},"end":{"line":12,"column":26}},"4":{"start":{"line":16,"column":39},"end":{"line":16,"column":77}},"5":{"start":{"line":21,"column":13},"end":{"line":21,"column":32}},"6":{"start":{"line":26,"column":13},"end":{"line":26,"column":20}},"7":{"start":{"line":27,"column":2},"end":{"line":26,"column":20}}},"fnMap":{"0":{"name":"(anonymous_0)","decl":{"start":{"line":8,"column":24},"end":{"line":8,"column":25}},"loc":{"start":{"line":8,"column":39},"end":{"line":8,"column":75}}},"1":{"name":"(anonymous_1)","decl":{"start":{"line":16,"column":24},"end":{"line":16,"column":25}},"loc":{"start":{"line":16,"column":39},"end":{"line":16,"column":77}}},"2":{"name":"(anonymous_2)","decl":{"start":{"line":26,"column":20},"end":{"line":26,"column":21}},"loc":{"start":{"line":27,"column":2},"end":{"line":26,"column":20}}}},"branchMap":{"0":{"loc":{"start":{"line":8,"column":39},"end":{"line":8,"column":55}},"type":"binary-expr","locations":[{"start":{"line":8,"column":39},"end":{"line":8,"column":55}},{"start":{"line":8,"column":55},"end":{"line":8,"column":75}}]},"1":{"loc":{"start":{"line":16,"column":39},"end":{"line":16,"column":55}},"type":"binary-expr","locations":[{"start":{"line":16,"column":39},"end":{"line":16,"column":55}},{"start":{"line":16,"column":55},"end":{"line":16,"column":77}}]},"2":{"loc":{"start":{"line":26,"column":39},"end":{"line":26,"column":46}},"type":"default-arg","locations":[{"start":{"line":26,"column":39},"end":{"line":26,"column":46}}]},"3":{"loc":{"start":{"line":26,"column":60},"end":{"line":26,"column":null}},"type":"default-arg","locations":[{"start":{"line":26,"column":60},"end":{"line":26,"column":null}}]}},"s":{"0":2,"1":2,"2":0,"3":2,"4":0,"5":2,"6":2,"7":0},"f":{"0":0,"1":0,"2":0},"b":{"0":[0,0],"1":[0,0],"2":[0],"3":[0]}}
,"C:\\Users\\engqu\\Desktop\\projects\\Personal\\reservations-client\\components\\styles\\theme.ts": {"path":"C:\\Users\\engqu\\Desktop\\projects\\Personal\\reservations-client\\components\\styles\\theme.ts","statementMap":{"0":{"start":{"line":16,"column":13},"end":{"line":16,"column":31}}},"fnMap":{},"branchMap":{},"s":{"0":3},"f":{},"b":{}}
,"C:\\Users\\engqu\\Desktop\\projects\\Personal\\reservations-client\\components\\ui\\Input.tsx": {"path":"C:\\Users\\engqu\\Desktop\\projects\\Personal\\reservations-client\\components\\ui\\Input.tsx","statementMap":{"0":{"start":{"line":1,"column":0},"end":{"line":1,"column":null}},"1":{"start":{"line":2,"column":0},"end":{"line":2,"column":null}},"2":{"start":{"line":6,"column":4},"end":{"line":8,"column":null}},"3":{"start":{"line":7,"column":2},"end":{"line":7,"column":9}},"4":{"start":{"line":10,"column":0},"end":{"line":10,"column":15}},"5":{"start":{"line":12,"column":13},"end":{"line":12,"column":26}},"6":{"start":{"line":19,"column":37},"end":{"line":19,"column":65}}},"fnMap":{"0":{"name":"(anonymous_1)","decl":{"start":{"line":6,"column":4},"end":{"line":6,"column":9}},"loc":{"start":{"line":6,"column":12},"end":{"line":8,"column":null}}},"1":{"name":"(anonymous_2)","decl":{"start":{"line":19,"column":28},"end":{"line":19,"column":33}},"loc":{"start":{"line":19,"column":37},"end":{"line":19,"column":65}}}},"branchMap":{},"s":{"0":3,"1":3,"2":3,"3":6,"4":3,"5":3,"6":3},"f":{"0":6,"1":3},"b":{}}
,"C:\\Users\\engqu\\Desktop\\projects\\Personal\\reservations-client\\components\\ui\\Modal.tsx": {"path":"C:\\Users\\engqu\\Desktop\\projects\\Personal\\reservations-client\\components\\ui\\Modal.tsx","statementMap":{"0":{"start":{"line":1,"column":0},"end":{"line":1,"column":null}},"1":{"start":{"line":2,"column":0},"end":{"line":2,"column":null}},"2":{"start":{"line":3,"column":0},"end":{"line":3,"column":null}},"3":{"start":{"line":4,"column":0},"end":{"line":4,"column":null}},"4":{"start":{"line":5,"column":0},"end":{"line":5,"column":null}},"5":{"start":{"line":12,"column":46},"end":{"line":25,"column":null}},"6":{"start":{"line":13,"column":14},"end":{"line":13,"column":37}},"7":{"start":{"line":15,"column":2},"end":{"line":15,"column":15}},"8":{"start":{"line":17,"column":2},"end":{"line":17,"column":null}},"9":{"start":{"line":27,"column":0},"end":{"line":27,"column":15}},"10":{"start":{"line":29,"column":14},"end":{"line":29,"column":6}},"11":{"start":{"line":46,"column":18},"end":{"line":46,"column":6}},"12":{"start":{"line":57,"column":14},"end":{"line":57,"column":6}},"13":{"start":{"line":63,"column":20},"end":{"line":63,"column":6}},"14":{"start":{"line":65,"column":20},"end":{"line":65,"column":43}}},"fnMap":{"0":{"name":"(anonymous_2)","decl":{"start":{"line":12,"column":46},"end":{"line":12,"column":47}},"loc":{"start":{"line":12,"column":72},"end":{"line":25,"column":null}}},"1":{"name":"(anonymous_3)","decl":{"start":{"line":65,"column":11},"end":{"line":65,"column":16}},"loc":{"start":{"line":65,"column":20},"end":{"line":65,"column":43}}}},"branchMap":{},"s":{"0":2,"1":2,"2":2,"3":2,"4":2,"5":2,"6":0,"7":0,"8":0,"9":2,"10":2,"11":2,"12":2,"13":2,"14":0},"f":{"0":0,"1":0},"b":{}}
,"C:\\Users\\engqu\\Desktop\\projects\\Personal\\reservations-client\\components\\ui\\Section.tsx": {"path":"C:\\Users\\engqu\\Desktop\\projects\\Personal\\reservations-client\\components\\ui\\Section.tsx","statementMap":{"0":{"start":{"line":1,"column":0},"end":{"line":1,"column":null}},"1":{"start":{"line":2,"column":0},"end":{"line":2,"column":null}},"2":{"start":{"line":3,"column":0},"end":{"line":3,"column":null}},"3":{"start":{"line":14,"column":48},"end":{"line":37,"column":null}},"4":{"start":{"line":21,"column":2},"end":{"line":21,"column":null}},"5":{"start":{"line":31,"column":12},"end":{"line":31,"column":33}},"6":{"start":{"line":39,"column":0},"end":{"line":39,"column":15}},"7":{"start":{"line":41,"column":18},"end":{"line":41,"column":6}},"8":{"start":{"line":50,"column":27},"end":{"line":50,"column":53}},"9":{"start":{"line":66,"column":14},"end":{"line":66,"column":null}}},"fnMap":{"0":{"name":"(anonymous_2)","decl":{"start":{"line":14,"column":48},"end":{"line":14,"column":49}},"loc":{"start":{"line":20,"column":5},"end":{"line":37,"column":null}}},"1":{"name":"(anonymous_3)","decl":{"start":{"line":30,"column":21},"end":{"line":30,"column":null}},"loc":{"start":{"line":31,"column":12},"end":{"line":31,"column":33}}},"2":{"name":"(anonymous_4)","decl":{"start":{"line":50,"column":18},"end":{"line":50,"column":23}},"loc":{"start":{"line":50,"column":27},"end":{"line":50,"column":53}}}},"branchMap":{"0":{"loc":{"start":{"line":24,"column":7},"end":{"line":24,"column":15}},"type":"binary-expr","locations":[{"start":{"line":24,"column":7},"end":{"line":24,"column":15}},{"start":{"line":25,"column":8},"end":{"line":25,"column":9}}]},"1":{"loc":{"start":{"line":31,"column":12},"end":{"line":31,"column":20}},"type":"binary-expr","locations":[{"start":{"line":31,"column":12},"end":{"line":31,"column":20}},{"start":{"line":31,"column":24},"end":{"line":31,"column":33}}]}},"s":{"0":2,"1":2,"2":2,"3":2,"4":3,"5":0,"6":2,"7":2,"8":3,"9":2},"f":{"0":3,"1":0,"2":3},"b":{"0":[3,2],"1":[0,0]}}
,"C:\\Users\\engqu\\Desktop\\projects\\Personal\\reservations-client\\lib\\common.ts": {"path":"C:\\Users\\engqu\\Desktop\\projects\\Personal\\reservations-client\\lib\\common.ts","statementMap":{"0":{"start":{"line":1,"column":13},"end":{"line":1,"column":27}},"1":{"start":{"line":2,"column":2},"end":{"line":2,"column":60}},"2":{"start":{"line":2,"column":53},"end":{"line":2,"column":60}},"3":{"start":{"line":4,"column":14},"end":{"line":4,"column":24}},"4":{"start":{"line":5,"column":12},"end":{"line":5,"column":21}},"5":{"start":{"line":6,"column":14},"end":{"line":6,"column":23}},"6":{"start":{"line":7,"column":13},"end":{"line":7,"column":22}},"7":{"start":{"line":9,"column":2},"end":{"line":9,"column":69}},"8":{"start":{"line":9,"column":62},"end":{"line":9,"column":69}},"9":{"start":{"line":11,"column":20},"end":{"line":11,"column":21}},"10":{"start":{"line":13,"column":2},"end":{"line":14,"column":15}},"11":{"start":{"line":14,"column":4},"end":{"line":14,"column":15}},"12":{"start":{"line":16,"column":2},"end":{"line":16,"column":9}}},"fnMap":{"0":{"name":"(anonymous_0)","decl":{"start":{"line":1,"column":28},"end":{"line":1,"column":50}},"loc":{"start":{"line":1,"column":50},"end":{"line":17,"column":null}}}},"branchMap":{"0":{"loc":{"start":{"line":2,"column":2},"end":{"line":2,"column":60}},"type":"if","locations":[{"start":{"line":2,"column":2},"end":{"line":2,"column":60}},{"start":{"line":2,"column":2},"end":{"line":2,"column":60}}]},"1":{"loc":{"start":{"line":9,"column":2},"end":{"line":9,"column":69}},"type":"if","locations":[{"start":{"line":9,"column":2},"end":{"line":9,"column":69}},{"start":{"line":9,"column":2},"end":{"line":9,"column":69}}]},"2":{"loc":{"start":{"line":9,"column":6},"end":{"line":9,"column":21}},"type":"binary-expr","locations":[{"start":{"line":9,"column":6},"end":{"line":9,"column":21}},{"start":{"line":9,"column":21},"end":{"line":9,"column":36}},{"start":{"line":9,"column":36},"end":{"line":9,"column":50}},{"start":{"line":9,"column":50},"end":{"line":9,"column":62}}]},"3":{"loc":{"start":{"line":13,"column":2},"end":{"line":14,"column":15}},"type":"if","locations":[{"start":{"line":13,"column":2},"end":{"line":14,"column":15}},{"start":{"line":13,"column":2},"end":{"line":14,"column":15}}]},"4":{"loc":{"start":{"line":13,"column":6},"end":{"line":13,"column":26}},"type":"binary-expr","locations":[{"start":{"line":13,"column":6},"end":{"line":13,"column":26}},{"start":{"line":13,"column":26},"end":{"line":13,"column":45}},{"start":{"line":13,"column":45},"end":{"line":13,"column":null}}]},"5":{"loc":{"start":{"line":16,"column":9},"end":{"line":16,"column":20}},"type":"binary-expr","locations":[{"start":{"line":16,"column":9},"end":{"line":16,"column":20}},{"start":{"line":16,"column":20},"end":{"line":16,"column":39}}]}},"s":{"0":1,"1":2,"2":1,"3":1,"4":1,"5":1,"6":1,"7":1,"8":0,"9":1,"10":1,"11":0,"12":1},"f":{"0":2},"b":{"0":[1,1],"1":[0,1],"2":[1,1,1,1],"3":[0,1],"4":[1,1,1],"5":[1,1]}}
,"C:\\Users\\engqu\\Desktop\\projects\\Personal\\reservations-client\\lib\\eventHelpers.ts": {"path":"C:\\Users\\engqu\\Desktop\\projects\\Personal\\reservations-client\\lib\\eventHelpers.ts","statementMap":{"0":{"start":{"line":4,"column":2},"end":{"line":4,"column":9}},"1":{"start":{"line":5,"column":4},"end":{"line":5,"column":9}},"2":{"start":{"line":6,"column":4},"end":{"line":6,"column":8}},"3":{"start":{"line":1,"column":0},"end":{"line":1,"column":16}}},"fnMap":{"0":{"name":"preventDefault","decl":{"start":{"line":1,"column":16},"end":{"line":1,"column":null}},"loc":{"start":{"line":2,"column":37},"end":{"line":8,"column":null}}},"1":{"name":"(anonymous_1)","decl":{"start":{"line":2,"column":29},"end":{"line":2,"column":34}},"loc":{"start":{"line":2,"column":34},"end":{"line":2,"column":null}}},"2":{"name":"(anonymous_2)","decl":{"start":{"line":4,"column":10},"end":{"line":4,"column":22}},"loc":{"start":{"line":4,"column":22},"end":{"line":7,"column":null}}}},"branchMap":{"0":{"loc":{"start":{"line":2,"column":29},"end":{"line":2,"column":null}},"type":"default-arg","locations":[{"start":{"line":2,"column":29},"end":{"line":2,"column":null}}]}},"s":{"0":1,"1":1,"2":1,"3":1},"f":{"0":1,"1":0,"2":1},"b":{"0":[0]}}
,"C:\\Users\\engqu\\Desktop\\projects\\Personal\\reservations-client\\lib\\formatHelpers.ts": {"path":"C:\\Users\\engqu\\Desktop\\projects\\Personal\\reservations-client\\lib\\formatHelpers.ts","statementMap":{"0":{"start":{"line":1,"column":0},"end":{"line":1,"column":null}},"1":{"start":{"line":3,"column":13},"end":{"line":3,"column":26}},"2":{"start":{"line":4,"column":2},"end":{"line":4,"column":9}}},"fnMap":{"0":{"name":"(anonymous_0)","decl":{"start":{"line":3,"column":27},"end":{"line":3,"column":43}},"loc":{"start":{"line":3,"column":43},"end":{"line":5,"column":null}}}},"branchMap":{},"s":{"0":4,"1":4,"2":26},"f":{"0":26},"b":{}}
,"C:\\Users\\engqu\\Desktop\\projects\\Personal\\reservations-client\\lib\\hooks.ts": {"path":"C:\\Users\\engqu\\Desktop\\projects\\Personal\\reservations-client\\lib\\hooks.ts","statementMap":{"0":{"start":{"line":1,"column":0},"end":{"line":1,"column":null}},"1":{"start":{"line":4,"column":2},"end":{"line":4,"column":12}},"2":{"start":{"line":5,"column":4},"end":{"line":5,"column":12}},"3":{"start":{"line":6,"column":4},"end":{"line":6,"column":11}},"4":{"start":{"line":7,"column":6},"end":{"line":7,"column":14}},"5":{"start":{"line":12,"column":4},"end":{"line":12,"column":null}},"6":{"start":{"line":12,"column":60},"end":{"line":12,"column":null}},"7":{"start":{"line":3,"column":0},"end":{"line":3,"column":16}}},"fnMap":{"0":{"name":"useClickAway","decl":{"start":{"line":3,"column":16},"end":{"line":3,"column":29}},"loc":{"start":{"line":3,"column":62},"end":{"line":14,"column":null}}},"1":{"name":"(anonymous_1)","decl":{"start":{"line":4,"column":12},"end":{"line":4,"column":17}},"loc":{"start":{"line":4,"column":17},"end":{"line":9,"column":5}}},"2":{"name":"(anonymous_2)","decl":{"start":{"line":6,"column":11},"end":{"line":6,"column":16}},"loc":{"start":{"line":6,"column":16},"end":{"line":8,"column":null}}},"3":{"name":"handleClick","decl":{"start":{"line":11,"column":11},"end":{"line":11,"column":23}},"loc":{"start":{"line":11,"column":33},"end":{"line":13,"column":null}}}},"branchMap":{"0":{"loc":{"start":{"line":12,"column":4},"end":{"line":12,"column":null}},"type":"if","locations":[{"start":{"line":12,"column":4},"end":{"line":12,"column":null}},{"start":{"line":12,"column":4},"end":{"line":12,"column":null}}]},"1":{"loc":{"start":{"line":12,"column":8},"end":{"line":12,"column":23}},"type":"binary-expr","locations":[{"start":{"line":12,"column":8},"end":{"line":12,"column":23}},{"start":{"line":12,"column":23},"end":{"line":12,"column":27}}]}},"s":{"0":2,"1":0,"2":0,"3":0,"4":0,"5":0,"6":0,"7":2},"f":{"0":0,"1":0,"2":0,"3":0},"b":{"0":[0,0],"1":[0,0]}}
,"C:\\Users\\engqu\\Desktop\\projects\\Personal\\reservations-client\\lib\\testUtil.ts": {"path":"C:\\Users\\engqu\\Desktop\\projects\\Personal\\reservations-client\\lib\\testUtil.ts","statementMap":{"0":{"start":{"line":1,"column":0},"end":{"line":1,"column":7}},"1":{"start":{"line":44,"column":47},"end":{"line":44,"column":null}},"2":{"start":{"line":3,"column":0},"end":{"line":3,"column":7}},"3":{"start":{"line":5,"column":24},"end":{"line":5,"column":31}},"4":{"start":{"line":5,"column":31},"end":{"line":5,"column":null}},"5":{"start":{"line":44,"column":9},"end":{"line":44,"column":26}},"6":{"start":{"line":13,"column":28},"end":{"line":13,"column":null}},"7":{"start":{"line":13,"column":34},"end":{"line":13,"column":null}},"8":{"start":{"line":44,"column":26},"end":{"line":44,"column":47}}},"fnMap":{"0":{"name":"(anonymous_1)","decl":{"start":{"line":5,"column":24},"end":{"line":5,"column":31}},"loc":{"start":{"line":5,"column":31},"end":{"line":5,"column":null}}},"1":{"name":"(anonymous_2)","decl":{"start":{"line":13,"column":28},"end":{"line":13,"column":34}},"loc":{"start":{"line":13,"column":34},"end":{"line":13,"column":null}}}},"branchMap":{},"s":{"0":4,"1":4,"2":4,"3":4,"4":15,"5":4,"6":4,"7":3,"8":4},"f":{"0":15,"1":3},"b":{}}
}
