TN:
SF:C:\Users\engqu\Desktop\projects\Personal\reservations-client\components\reservation\Card.tsx
FN:14,(anonymous_2)
FN:19,(anonymous_3)
FN:28,(anonymous_4)
FNF:3
FNH:2
FNDA:11,(anonymous_2)
FNDA:1,(anonymous_3)
FNDA:0,(anonymous_4)
DA:1,2
DA:3,2
DA:4,2
DA:5,2
DA:6,2
DA:7,2
DA:8,2
DA:14,2
DA:15,11
DA:17,11
DA:19,1
DA:28,0
DA:36,2
DA:38,2
DA:45,2
LF:15
LH:14
BRDA:27,0,0,11
BRDA:27,0,1,1
BRF:2
BRH:2
end_of_record
TN:
SF:C:\Users\engqu\Desktop\projects\Personal\reservations-client\components\reservation\Detail.tsx
FN:16,(anonymous_2)
FN:19,(anonymous_3)
FN:57,(anonymous_4)
FN:60,(anonymous_5)
FN:63,(anonymous_6)
FN:72,(anonymous_7)
FNF:6
FNH:2
FNDA:1,(anonymous_2)
FNDA:3,(anonymous_3)
FNDA:0,(anonymous_4)
FNDA:0,(anonymous_5)
FNDA:0,(anonymous_6)
FNDA:0,(anonymous_7)
DA:1,3
DA:2,3
DA:3,3
DA:4,3
DA:6,3
DA:16,3
DA:17,1
DA:20,3
DA:27,0
DA:29,0
DA:53,3
DA:55,3
DA:57,0
DA:60,0
DA:63,0
DA:72,0
LF:16
LH:10
BRDA:20,0,0,3
BRDA:20,0,1,0
BRDA:20,1,0,3
BRDA:20,1,1,1
BRDA:63,2,0,0
BRDA:63,2,1,0
BRF:6
BRH:3
end_of_record
TN:
SF:C:\Users\engqu\Desktop\projects\Personal\reservations-client\components\reservation\Fields.tsx
FN:19,(anonymous_2)
FN:28,(anonymous_3)
FN:34,(anonymous_4)
FN:41,(anonymous_5)
FN:48,(anonymous_6)
FNF:5
FNH:1
FNDA:2,(anonymous_2)
FNDA:0,(anonymous_3)
FNDA:0,(anonymous_4)
FNDA:0,(anonymous_5)
FNDA:0,(anonymous_6)
DA:1,1
DA:2,1
DA:3,1
DA:4,1
DA:19,1
DA:20,2
DA:22,2
DA:28,0
DA:34,0
DA:41,0
DA:48,0
DA:56,1
DA:58,1
LF:13
LH:9
BRF:0
BRH:0
end_of_record
TN:
SF:C:\Users\engqu\Desktop\projects\Personal\reservations-client\components\reservation\List.tsx
FN:10,(anonymous_2)
FN:11,(anonymous_3)
FN:21,(anonymous_4)
FNF:3
FNH:3
FNDA:2,(anonymous_2)
FNDA:8,(anonymous_3)
FNDA:1,(anonymous_4)
DA:1,1
DA:2,1
DA:4,1
DA:10,1
DA:11,2
DA:12,8
DA:15,2
DA:18,1
DA:20,1
DA:21,1
LF:10
LH:10
BRDA:21,0,0,1
BRDA:21,0,1,0
BRF:2
BRH:1
end_of_record
TN:
SF:C:\Users\engqu\Desktop\projects\Personal\reservations-client\components\reservation\query.ts
FNF:0
FNH:0
DA:1,3
DA:3,3
DA:15,3
LF:3
LH:3
BRF:0
BRH:0
end_of_record
TN:
SF:C:\Users\engqu\Desktop\projects\Personal\reservations-client\components\styles\animation.ts
FNF:0
FNH:0
DA:1,2
DA:3,2
LF:2
LH:2
BRF:0
BRH:0
end_of_record
TN:
SF:C:\Users\engqu\Desktop\projects\Personal\reservations-client\components\styles\helpers.ts
FN:8,(anonymous_0)
FN:16,(anonymous_1)
FN:26,(anonymous_2)
FNF:3
FNH:0
FNDA:0,(anonymous_0)
FNDA:0,(anonymous_1)
FNDA:0,(anonymous_2)
DA:1,2
DA:3,2
DA:8,0
DA:12,2
DA:16,0
DA:21,2
DA:26,2
DA:27,0
LF:8
LH:5
BRDA:8,0,0,0
BRDA:8,0,1,0
BRDA:16,1,0,0
BRDA:16,1,1,0
BRDA:26,2,0,0
BRDA:26,3,0,0
BRF:6
BRH:0
end_of_record
TN:
SF:C:\Users\engqu\Desktop\projects\Personal\reservations-client\components\styles\theme.ts
FNF:0
FNH:0
DA:16,3
LF:1
LH:1
BRF:0
BRH:0
end_of_record
TN:
SF:C:\Users\engqu\Desktop\projects\Personal\reservations-client\components\ui\Input.tsx
FN:6,(anonymous_1)
FN:19,(anonymous_2)
FNF:2
FNH:2
FNDA:6,(anonymous_1)
FNDA:3,(anonymous_2)
DA:1,3
DA:2,3
DA:6,3
DA:7,6
DA:10,3
DA:12,3
DA:19,3
LF:7
LH:7
BRF:0
BRH:0
end_of_record
TN:
SF:C:\Users\engqu\Desktop\projects\Personal\reservations-client\components\ui\Modal.tsx
FN:12,(anonymous_2)
FN:65,(anonymous_3)
FNF:2
FNH:0
FNDA:0,(anonymous_2)
FNDA:0,(anonymous_3)
DA:1,2
DA:2,2
DA:3,2
DA:4,2
DA:5,2
DA:12,2
DA:13,0
DA:15,0
DA:17,0
DA:27,2
DA:29,2
DA:46,2
DA:57,2
DA:63,2
DA:65,0
LF:15
LH:11
BRF:0
BRH:0
end_of_record
TN:
SF:C:\Users\engqu\Desktop\projects\Personal\reservations-client\components\ui\Section.tsx
FN:14,(anonymous_2)
FN:30,(anonymous_3)
FN:50,(anonymous_4)
FNF:3
FNH:2
FNDA:3,(anonymous_2)
FNDA:0,(anonymous_3)
FNDA:3,(anonymous_4)
DA:1,2
DA:2,2
DA:3,2
DA:14,2
DA:21,3
DA:31,0
DA:39,2
DA:41,2
DA:50,3
DA:66,2
LF:10
LH:9
BRDA:24,0,0,3
BRDA:24,0,1,2
BRDA:31,1,0,0
BRDA:31,1,1,0
BRF:4
BRH:2
end_of_record
TN:
SF:C:\Users\engqu\Desktop\projects\Personal\reservations-client\lib\common.ts
FN:1,(anonymous_0)
FNF:1
FNH:1
FNDA:2,(anonymous_0)
DA:1,1
DA:2,2
DA:4,1
DA:5,1
DA:6,1
DA:7,1
DA:9,1
DA:11,1
DA:13,1
DA:14,0
DA:16,1
LF:11
LH:10
BRDA:2,0,0,1
BRDA:2,0,1,1
BRDA:9,1,0,0
BRDA:9,1,1,1
BRDA:9,2,0,1
BRDA:9,2,1,1
BRDA:9,2,2,1
BRDA:9,2,3,1
BRDA:13,3,0,0
BRDA:13,3,1,1
BRDA:13,4,0,1
BRDA:13,4,1,1
BRDA:13,4,2,1
BRDA:16,5,0,1
BRDA:16,5,1,1
BRF:15
BRH:13
end_of_record
TN:
SF:C:\Users\engqu\Desktop\projects\Personal\reservations-client\lib\eventHelpers.ts
FN:1,preventDefault
FN:2,(anonymous_1)
FN:4,(anonymous_2)
FNF:3
FNH:2
FNDA:1,preventDefault
FNDA:0,(anonymous_1)
FNDA:1,(anonymous_2)
DA:1,1
DA:4,1
DA:5,1
DA:6,1
LF:4
LH:4
BRDA:2,0,0,0
BRF:1
BRH:0
end_of_record
TN:
SF:C:\Users\engqu\Desktop\projects\Personal\reservations-client\lib\formatHelpers.ts
FN:3,(anonymous_0)
FNF:1
FNH:1
FNDA:26,(anonymous_0)
DA:1,4
DA:3,4
DA:4,26
LF:3
LH:3
BRF:0
BRH:0
end_of_record
TN:
SF:C:\Users\engqu\Desktop\projects\Personal\reservations-client\lib\hooks.ts
FN:3,useClickAway
FN:4,(anonymous_1)
FN:6,(anonymous_2)
FN:11,handleClick
FNF:4
FNH:0
FNDA:0,useClickAway
FNDA:0,(anonymous_1)
FNDA:0,(anonymous_2)
FNDA:0,handleClick
DA:1,2
DA:3,2
DA:4,0
DA:5,0
DA:6,0
DA:7,0
DA:12,0
LF:7
LH:2
BRDA:12,0,0,0
BRDA:12,0,1,0
BRDA:12,1,0,0
BRDA:12,1,1,0
BRF:4
BRH:0
end_of_record
TN:
SF:C:\Users\engqu\Desktop\projects\Personal\reservations-client\lib\testUtil.ts
FN:5,(anonymous_1)
FN:13,(anonymous_2)
FNF:2
FNH:2
FNDA:15,(anonymous_1)
FNDA:3,(anonymous_2)
DA:1,4
DA:3,4
DA:5,15
DA:13,4
DA:44,4
LF:5
LH:5
BRF:0
BRH:0
end_of_record
